<?xml version="1.0" encoding="UTF-8"?><testsuite name="nosetests" tests="21" errors="0" failures="0" skip="0"><testcase classname="recruit.testing.test_cases.production_login_test.test_candidate_login_on_prod.Test00CandidateLoginMobilePassword" name="test_00_check_login_header_button_working" time="12.456"><system-out><![CDATA[Attempt to click on :  None
Click result :  True


  Test Scenario : test_00_check_login_header_button_working
  >Date _ 2018-06-26
  >Time _ 11:25.206246 AM

*************before loop []
]]></system-out></testcase><testcase classname="recruit.testing.test_cases.production_login_test.test_candidate_login_on_prod.Test00CandidateLoginMobilePassword" name="test_01_check_facebook_login_working" time="19.297"><system-out><![CDATA[https://www.facebook.com/login.php?skip_api_login=1&api_key=1481519552107852&signed_next=1&next=https%3A%2F%2Fwww.facebook.com%2Fv3.0%2Fdialog%2Foauth%3Fchannel%3Dhttps%253A%252F%252Fstaticxx.facebook.com%252Fconnect%252Fxd_arbiter%252Fr%252FxaOI6zd9HW9.js%253Fversion%253D42%2523cb%253Df12d252461ee558%2526domain%253Dwww.aasaanjobs.com%2526origin%253Dhttps%25253A%25252F%25252Fwww.aasaanjobs.com%25252Ff120321127787d6%2526relation%253Dopener%26redirect_uri%3Dhttps%253A%252F%252Fstaticxx.facebook.com%252Fconnect%252Fxd_arbiter%252Fr%252FxaOI6zd9HW9.js%253Fversion%253D42%2523cb%253Df22a0c67d7ef02%2526domain%253Dwww.aasaanjobs.com%2526origin%253Dhttps%25253A%25252F%25252Fwww.aasaanjobs.com%25252Ff120321127787d6%2526relation%253Dopener%2526frame%253Df5eda7c9bf2264%26display%3Dpopup%26scope%3Dpublic_profile%252Cemail%26response_type%3Dtoken%252Csigned_request%26domain%3Dwww.aasaanjobs.com%26return_scopes%3Dtrue%26origin%3D1%26client_id%3D1481519552107852%26ret%3Dlogin%26sdk%3Djoey%26logger_id%3D7547a382-35bf-023e-bc24-f85a5e29c82a&cancel_url=https%3A%2F%2Fstaticxx.facebook.com%2Fconnect%2Fxd_arbiter%2Fr%2FxaOI6zd9HW9.js%3Fversion%3D42%23cb%3Df22a0c67d7ef02%26domain%3Dwww.aasaanjobs.com%26origin%3Dhttps%253A%252F%252Fwww.aasaanjobs.com%252Ff120321127787d6%26relation%3Dopener%26frame%3Df5eda7c9bf2264%26error%3Daccess_denied%26error_code%3D200%26error_description%3DPermissions%2Berror%26error_reason%3Duser_denied%26e2e%3D%257B%257D&display=popup&locale=en_GB&logger_id=7547a382-35bf-023e-bc24-f85a5e29c82a


  Test Scenario : test_01_check_facebook_login_working
  >Date _ 2018-06-26
  >Time _ 11:26.494189 AM

*************before loop [{'type': '', 'level': 'SEVERE', 'timestamp': 1529992572479, 'message': 'TypeError: fbObj.authResponse is undefined'}]
]]></system-out></testcase><testcase classname="recruit.testing.test_cases.production_login_test.test_candidate_login_on_prod.Test00CandidateLoginMobilePassword" name="test_02_check_google_login_working" time="33.041"><system-out><![CDATA[Attempt to click on :  None
Click result :  True
https://accounts.google.com/signin/oauth/identifier?client_id=511462006458-rlo5kfp3fped9bud507atk7j9q4mpgul.apps.googleusercontent.com&as=1DGeVUmQ60wsHI5REYVDKQ&destination=https%3A%2F%2Fwww.aasaanjobs.com&approval_state=!ChRKdzhtaGNyWU5xZTd1clpCNG5hMxIfNDFlS0NGa3BkdTRiOEhuU1JuY2dubW8tWTZXcVF4WQ%E2%88%99AB8iHBUAAAAAWzMnF0QHI0Oo00Aw4gDFQ4hKmtqHn0nG&xsrfsig=AHgIfE8cZfxWPfzIN-mLZn0YUT70fhuHyQ&flowName=GeneralOAuthFlow


  Test Scenario : test_02_check_google_login_working
  >Date _ 2018-06-26
  >Time _ 11:26.537102 AM

*************before loop []
]]></system-out></testcase><testcase classname="recruit.testing.test_cases.production_login_test.test_candidate_login_on_prod.Test00CandidateLoginMobilePassword" name="test_03_check_linkedin_login_working" time="30.951"><system-out><![CDATA[Attempt to click on :  None
Click result :  True


  Test Scenario : test_03_check_linkedin_login_working
  >Date _ 2018-06-26
  >Time _ 11:27.494866 AM

*************before loop []
]]></system-out></testcase><testcase classname="recruit.testing.test_cases.production_login_test.test_candidate_login_on_prod.Test00CandidateLoginMobilePassword" name="test_04_invalid_input_data_for_mobile" time="12.388"><system-out><![CDATA[Attempt to click on :  None
Click result :  True


  Test Scenario : test_04_invalid_input_data_for_mobile
  >Date _ 2018-06-26
  >Time _ 11:27.889129 AM

*************before loop []
]]></system-out></testcase><testcase classname="recruit.testing.test_cases.production_login_test.test_candidate_login_on_prod.Test00CandidateLoginMobilePassword" name="test_05_valid_input_data_for_mobile" time="23.641"><system-out><![CDATA[

  Test Scenario : test_05_valid_input_data_for_mobile
  >Date _ 2018-06-26
  >Time _ 11:27.536135 AM

*************before loop []
]]></system-out></testcase><testcase classname="recruit.testing.test_cases.production_login_test.test_candidate_login_on_prod.Test00CandidateLoginMobilePassword" name="test_06_valid_input_data_for_password" time="47.666"><system-out><![CDATA[

  Test Scenario : test_06_valid_input_data_for_password
  >Date _ 2018-06-26
  >Time _ 11:28.195050 AM

*************before loop [{'type': '', 'level': 'SEVERE', 'timestamp': 1529992717522, 'message': 'TypeError: queryElement is null'}]
]]></system-out></testcase><testcase classname="recruit.testing.test_cases.production_login_test.test_candidate_login_on_prod.Test00CandidateLoginMobilePassword" name="test_07_logout_user" time="20.766"><system-out><![CDATA[True True


  Test Scenario : test_07_logout_user
  >Date _ 2018-06-26
  >Time _ 11:29.966300 AM

*************before loop []
]]></system-out></testcase><testcase classname="recruit.testing.test_cases.production_login_test.test_candidate_login_on_prod.Test01CandidateForgotPasswordMobile" name="test_00_click_login_header" time="12.447"><system-out><![CDATA[Attempt to click on :  None
Click result :  True


  Test Scenario : test_00_click_login_header
  >Date _ 2018-06-26
  >Time _ 11:29.399681 AM

*************before loop []
]]></system-out></testcase><testcase classname="recruit.testing.test_cases.production_login_test.test_candidate_login_on_prod.Test01CandidateForgotPasswordMobile" name="test_01_valid_input_data_using_number" time="14.668"><system-out><![CDATA[

  Test Scenario : test_01_valid_input_data_using_number
  >Date _ 2018-06-26
  >Time _ 11:29.836310 AM

*************before loop []
]]></system-out></testcase><testcase classname="recruit.testing.test_cases.production_login_test.test_candidate_login_on_prod.Test01CandidateForgotPasswordMobile" name="test_02_check_forgot_password_link" time="24.191"><system-out><![CDATA[

  Test Scenario : test_02_check_forgot_password_link
  >Date _ 2018-06-26
  >Time _ 11:30.211042 AM

*************before loop []
]]></system-out></testcase><testcase classname="recruit.testing.test_cases.production_login_test.test_candidate_login_on_prod.Test01CandidateForgotPasswordMobile" name="test_03_check_resend_reset_otp_link_working" time="10.632"><system-out><![CDATA[

  Test Scenario : test_03_check_resend_reset_otp_link_working
  >Date _ 2018-06-26
  >Time _ 11:30.900566 AM

*************before loop []
]]></system-out></testcase><testcase classname="recruit.testing.test_cases.production_login_test.test_candidate_login_on_prod.Test01CandidateForgotPasswordMobile" name="test_04_click_on_login_with_otp_button" time="9.939"><system-out><![CDATA[

  Test Scenario : test_04_click_on_login_with_otp_button
  >Date _ 2018-06-26
  >Time _ 11:30.801574 AM

*************before loop []
]]></system-out></testcase><testcase classname="recruit.testing.test_cases.production_login_test.test_candidate_login_on_prod.Test01CandidateForgotPasswordMobile" name="test_05_enter_correct_otp_and_password" time="20.481"><system-out><![CDATA[

 https://api.aasaanjobs.com/api/v4/recognize_user/?username=8080255053 {'Authorization': 'Bearer AJInfinity@XGod'}


 {'email_verified': True, 'first_name': 'Tanvi', 'mobile': '8******053', 'password_exists': True, 'is_active': True, 'email_exists': True, 'social_auth': [], 'user_type': 'CA', 'created_by_agency': None, 'mobile_verified': True, 'mobile_exists': True, 'is_staffing_employee': False, 'last_name': 'Joshi', 'candidate_id': 'cf92f744-6cdc-4880-886f-1c82a70bffb1', 'id': 'ec13065f-891b-4fb7-8ab7-cc83daac59e9', 'email': 't**v**o**i**2@gmail.dc', 'created_by': None}
86255 93129 48522


  Test Scenario : test_05_enter_correct_otp_and_password
  >Date _ 2018-06-26
  >Time _ 11:30.246354 AM

*************before loop []
]]></system-out></testcase><testcase classname="recruit.testing.test_cases.production_login_test.test_candidate_login_on_prod.Test01CandidateForgotPasswordMobile" name="test_06_valid_input_data_for_password" time="19.200"><system-out><![CDATA[

  Test Scenario : test_06_valid_input_data_for_password
  >Date _ 2018-06-26
  >Time _ 11:31.520548 AM

*************before loop []
]]></system-out></testcase><testcase classname="recruit.testing.test_cases.production_login_test.test_candidate_login_on_prod.Test01CandidateForgotPasswordMobile" name="test_07_logout_user" time="24.360"><system-out><![CDATA[True True


  Test Scenario : test_07_logout_user
  >Date _ 2018-06-26
  >Time _ 11:31.894040 AM

*************before loop [{'type': '', 'level': 'SEVERE', 'timestamp': 1529992863951, 'message': 'TypeError: queryElement is null'}]
]]></system-out></testcase><testcase classname="recruit.testing.test_cases.production_login_test.test_candidate_login_on_prod.Test02CandidateLoginEmail" name="test_00_click_on_login_button" time="12.425"><system-out><![CDATA[Attempt to click on :  None
Click result :  True


  Test Scenario : test_00_click_on_login_button
  >Date _ 2018-06-26
  >Time _ 11:31.457655 AM

*************before loop []
]]></system-out></testcase><testcase classname="recruit.testing.test_cases.production_login_test.test_candidate_login_on_prod.Test02CandidateLoginEmail" name="test_01_valid_input_data_for_email" time="14.384"><system-out><![CDATA[

  Test Scenario : test_01_valid_input_data_for_email
  >Date _ 2018-06-26
  >Time _ 11:32.840215 AM

*************before loop []
]]></system-out></testcase><testcase classname="recruit.testing.test_cases.production_login_test.test_candidate_login_on_prod.Test02CandidateLoginEmail" name="test_03_valid_input_data_for_password" time="47.398"><system-out><![CDATA[

  Test Scenario : test_03_valid_input_data_for_password
  >Date _ 2018-06-26
  >Time _ 11:33.228913 AM

*************before loop [{'type': '', 'level': 'SEVERE', 'timestamp': 1529992975516, 'message': 'TypeError: queryElement is null'}]
]]></system-out></testcase><testcase classname="recruit.testing.test_cases.production_login_test.test_candidate_login_on_prod.Test02CandidateLoginEmail" name="test_04_logout_user" time="13.794"><system-out><![CDATA[True True


  Test Scenario : test_04_logout_user
  >Date _ 2018-06-26
  >Time _ 11:33.037153 AM

*************before loop []
]]></system-out></testcase><testcase classname="recruit.testing.test_cases.production_login_test.test_candidate_login_on_prod.Test03CandidateForgotPasswordEmail" name="test_12_valid_fp_email" time="48.143"><system-out><![CDATA[Attempt to click on :  None
Click result :  True


  Test Scenario : test_12_valid_fp_email
  >Date _ 2018-06-26
  >Time _ 11:34.096080 AM

*************before loop []
]]></system-out></testcase></testsuite>